<?xml version="1.0" encoding="UTF-8"?>
<!-- Generated by org.testng.reporters.JUnitReportReporter -->
<testsuite hostname="LAPTOP-POCDIJHR" failures="0" tests="1" name="TestCaseData.Logintestcase" time="13.292" errors="0" timestamp="2022-09-19T15:26:59 IST" skipped="0">
  <testcase classname="TestCaseData.Logintestcase" name="loginpage" time="13.292"/>
  <system-out/>
</testsuite> <!-- TestCaseData.Logintestcase -->
