<?xml version="1.0" encoding="UTF-8"?>
<!-- Generated by org.testng.reporters.JUnitReportReporter -->
<testsuite hostname="LAPTOP-POCDIJHR" failures="0" tests="1" name="TestCaseData.Logintestcase" time="14.731" errors="0" timestamp="2022-09-17T08:32:56 IST" skipped="0">
  <testcase classname="TestCaseData.Logintestcase" name="loginpage" time="14.731"/>
  <system-out/>
</testsuite> <!-- TestCaseData.Logintestcase -->
