<?xml version="1.0" encoding="UTF-8"?>
<!-- Generated by org.testng.reporters.JUnitReportReporter -->
<testsuite hostname="LAPTOP-POCDIJHR" failures="0" tests="1" name="TestCaseData.verifyiphonetestcase" time="12.947" errors="0" timestamp="2022-10-14T16:24:22 IST" skipped="0">
  <testcase classname="TestCaseData.verifyiphonetestcase" name="verifyiphonedemo" time="12.947"/>
  <system-out/>
</testsuite> <!-- TestCaseData.verifyiphonetestcase -->
