<?xml version="1.0" encoding="UTF-8"?>
<!-- Generated by org.testng.reporters.JUnitReportReporter -->
<testsuite hostname="LAPTOP-POCDIJHR" failures="0" tests="1" name="TestCaseData.RegisterTestCase" time="8.837" errors="0" timestamp="2022-09-19T15:26:59 IST" skipped="0">
  <testcase classname="TestCaseData.RegisterTestCase" name="Register" time="8.837"/>
  <system-out/>
</testsuite> <!-- TestCaseData.RegisterTestCase -->
